2022-03-24 18:04:15,503 INFO a.Main [main] Lion (type: carnivore, age: 5, weight: 63.4)
2022-03-24 18:04:15,517 INFO a.Main [main] Zebra (type: herbivore, age: 3, weight: 54.7)
2022-03-24 18:04:15,520 INFO a.Main [main] Tiger (type: carnivore, age: 4, weight: 66.5)
2022-03-24 18:04:15,565 INFO a.Lion [main] I am carnivore and I will eat only meat
2022-03-24 18:04:15,568 INFO a.Zebra [main] I am herbivore and I will eat only herbal
2022-03-24 18:04:15,573 INFO a.Animal [main] Thank you, only 2 portions are left
2022-03-24 18:04:15,575 INFO a.Animal [main] Sorry, I was eaten already today
2022-03-24 18:04:15,578 INFO a.Animal [main] Sorry, I don't eat this food
2022-03-24 18:04:15,581 INFO a.Animal [main] Thank you, only 1 portions are left
2022-03-24 18:04:15,584 INFO a.Main [main] Lion lives in the 1 cage
2022-03-24 18:04:15,586 INFO a.Main [main] Zebra lives in the 2 cage
2022-03-24 18:04:15,586 INFO a.Main [main] Lets change their addresses
2022-03-24 18:04:15,589 INFO a.Main [main] Now Lion lives in the 3 cage
2022-03-24 18:04:15,591 INFO a.Main [main] And Zebra lives in the 1 cage
2022-03-24 18:04:15,593 INFO a.Main [main] 945
2022-03-24 18:04:15,595 INFO a.Main [main] 792
2022-03-24 18:04:15,596 INFO a.Main [main] 324
2022-03-24 18:04:15,597 INFO a.Main [main] They say that in our zoo the same lion gets a double portion of food, this is true
2022-03-24 18:04:15,600 INFO a.Main [main] and they also say that we don’t have a zebra, but we just painted a lion, this is false
2022-03-24 18:04:15,603 ERROR a.Giraffe [main] I need to grow up
