2022-03-24 17:48:53,500 INFO a.Main [main] Lion (type: carnivore, age: 5, weight: 63.4)
2022-03-24 17:48:53,524 INFO a.Main [main] Zebra (type: herbivore, age: 3, weight: 54.7)
2022-03-24 17:48:53,527 INFO a.Main [main] Tiger (type: carnivore, age: 4, weight: 66.5)
2022-03-24 17:48:53,536 INFO a.Lion [main] I am carnivore and I will eat only meat
2022-03-24 17:48:53,538 INFO a.Zebra [main] I am herbivore and I will eat only herbal
2022-03-24 17:48:53,540 INFO a.Animal [main] Thank you, only 2 portions are left
2022-03-24 17:48:53,542 INFO a.Animal [main] Sorry, I was eaten already today
2022-03-24 17:48:53,545 INFO a.Animal [main] Sorry, I don't eat this food
2022-03-24 17:48:53,547 INFO a.Animal [main] Thank you, only 1 portions are left
2022-03-24 17:48:53,558 INFO a.Main [main] Lion lives in the 1 cage
2022-03-24 17:48:53,560 INFO a.Main [main] Zebra lives in the 2 cage
2022-03-24 17:48:53,562 INFO a.Main [main] Lets change their addresses
2022-03-24 17:48:53,565 INFO a.Main [main] Now Lion lives in the 3 cage
2022-03-24 17:48:53,571 INFO a.Main [main] And Zebra lives in the 1 cage
2022-03-24 17:48:53,575 INFO a.Main [main] 945
2022-03-24 17:48:53,576 INFO a.Main [main] 792
2022-03-24 17:48:53,578 INFO a.Main [main] 324
2022-03-24 17:48:53,585 INFO a.Main [main] They say that in our zoo the same lion gets a double portion of food, this is true
2022-03-24 17:48:53,587 INFO a.Main [main] and they also say that we don’t have a zebra, but we just painted a lion, this is false
2022-03-24 17:49:10,281 INFO a.Giraffe [main] fvfd
2022-03-24 17:49:11,614 INFO a.Giraffe [main] fvfd
