2022-03-24 16:31:00,133 INFO a.Main [main] Lion (type: carnivore, age: 5, weight: 63.4)
2022-03-24 16:31:00,214 INFO a.Main [main] Zebra (type: herbivore, age: 3, weight: 54.7)
2022-03-24 16:31:00,217 INFO a.Main [main] Tiger (type: carnivore, age: 4, weight: 66.5)
2022-03-24 16:31:00,245 ERROR a.Main [main] I need to grow up
2022-03-24 16:31:00,252 INFO a.Lion [main] I am carnivore and I will eat only meat
2022-03-24 16:31:00,254 INFO a.Zebra [main] I am herbivore and I will eat only herbal
2022-03-24 16:31:00,258 INFO a.Animal [main] Thank you, only 2 portions are left
2022-03-24 16:31:00,261 INFO a.Animal [main] Sorry, I was eaten already today
2022-03-24 16:31:00,262 INFO a.Animal [main] Sorry, I don't eat this food
2022-03-24 16:31:00,265 INFO a.Animal [main] Thank you, only 1 portions are left
2022-03-24 16:31:00,268 INFO a.Main [main] Lion lives in the 1 cage
2022-03-24 16:31:00,270 INFO a.Main [main] Zebra lives in the 2 cage
2022-03-24 16:31:00,275 INFO a.Main [main] Lets change their addresses
2022-03-24 16:31:00,277 INFO a.Main [main] Now Lion lives in the 3 cage
2022-03-24 16:31:00,283 INFO a.Main [main] And Zebra lives in the 1 cage
2022-03-24 16:31:00,290 INFO a.Main [main] 945
2022-03-24 16:31:00,292 INFO a.Main [main] 792
2022-03-24 16:31:00,298 INFO a.Main [main] 324
2022-03-24 16:31:00,303 INFO a.Main [main] They say that in our zoo the same lion gets a double portion of food, this is true
2022-03-24 16:31:00,307 INFO a.Main [main] and they also say that we don’t have a zebra, but we just painted a lion, this is false
